[12:24:57] INFO     Initialized SceneStructurer with                        
                    model=gemini-2.0-flash-exp, temp=0.1, key=AIza...z824   
           INFO     Initialized ScriptWriter with                           
                    model=gemini-2.0-flash-exp, key=AIza...z824             
           INFO     Using Google TTS 2.5 Flash                              
           INFO     Visual Director initialized with image-generation-002   
           INFO     Video assembler initialized                             
           INFO     Checkpoint manager initialized:                         
                    outputs/project_20260102_103253/checkpoints             
           INFO     Pipeline orchestrator initialized (3-AGENT WORKFLOW)    
           INFO     Checkpoint loaded: project_20260102_103253 at stage     
                    visuals_generated                                       
╭──────────────────────────────────╮
│ GossipToon Pipeline - Resume     │
│ Project: project_20260102_103253 │
│ Current stage: visuals_generated │
╰──────────────────────────────────╯
           INFO     Checkpoint manager initialized:                         
                    outputs/project_20260102_103253/checkpoints             
DEBUG: Checking for checkpoint in: outputs/project_20260102_103253/checkpoints
           INFO     Starting pipeline: project_20260102_103253 (resume=True)
           INFO     Checkpoint loaded: project_20260102_103253 at stage     
                    visuals_generated                                       
           INFO     Resuming from stage: visuals_generated                  
Warning: ActType.BUILD duration 6.0s outside recommended range 2.0-4.0s
Warning: ActType.CRISIS duration 12.0s outside recommended range 3.0-4.0s
Warning: ActType.CLIMAX duration 12.0s outside recommended range 3.0-4.0s
Warning: ActType.RESOLUTION duration 9.0s outside recommended range 2.0-3.0s
Warning: Total duration 41.0s not optimal for shorts (recommended 50-58s)
           INFO     Stage 5: Assembling video & Generating metadata...      
           INFO     Assembling video for project:                           
                    script_20240724_143200_rand123                          
           INFO     Segment 0: Audio=2.4510s, Video=2.4667s (74 frames),    
                    Drift=0.0157s                                           
           INFO     Segment 1: Audio=2.8110s, Video=2.8000s (84 frames),    
                    Drift=0.0047s                                           
           INFO     Segment 2: Audio=7.2330s, Video=7.2333s (217 frames),   
                    Drift=0.0050s                                           
           INFO     Segment 3: Audio=3.1310s, Video=3.1333s (94 frames),    
                    Drift=0.0073s                                           
           INFO     Segment 4: Audio=3.7310s, Video=3.7333s (112 frames),   
                    Drift=0.0097s                                           
           INFO     Segment 5: Audio=6.1930s, Video=6.1667s (185 frames),   
                    Drift=-0.0167s                                          
           INFO     Segment 6: Audio=4.1310s, Video=4.1333s (124 frames),   
                    Drift=-0.0143s                                          
           INFO     Segment 7: Audio=2.4110s, Video=2.4333s (73 frames),    
                    Drift=0.0080s                                           
           INFO     Segment 8: Audio=1.6910s, Video=1.6667s (50 frames),    
                    Drift=-0.0163s                                          
           INFO     Segment 9: Audio=3.2910s, Video=3.3000s (99 frames),    
                    Drift=-0.0073s                                          
           INFO     Segment 10: Audio=2.6510s, Video=2.6667s (80 frames),   
                    Drift=0.0083s                                           
           INFO     Segment 11: Audio=2.6910s, Video=2.6667s (80 frames),   
                    Drift=-0.0160s                                          
           INFO     Total Video Duration: 42.4000s (1272 frames)            
           INFO     Total Audio Duration: 42.4160s                          
           INFO     Generating captions...                                  
           INFO     Generating subtitle file:                               
                    outputs/project_20260102_103253/videos/script_20240724_1
                    43200_rand123_captions.ass                              
           INFO     Generated hybrid subtitles for 16 segments              
           INFO     Captions generated:                                     
                    outputs/project_20260102_103253/videos/script_20240724_1
                    43200_rand123_captions.ass                              
           INFO     Building FFmpeg command for 12 segments                 
           INFO     Applied effect to segment 0: Duration=2.467s, FPS=30    
           INFO     Applied effect to segment 1: Duration=2.800s, FPS=30    
           INFO     Applied effect to segment 2: Duration=7.233s, FPS=30    
           INFO     Applied effect to segment 3: Duration=3.133s, FPS=30    
           INFO     Applied effect to segment 4: Duration=3.733s, FPS=30    
           INFO     Applied effect to segment 5: Duration=6.167s, FPS=30    
           INFO     Applied effect to segment 6: Duration=4.133s, FPS=30    
           INFO     Applied effect to segment 7: Duration=2.433s, FPS=30    
           INFO     Applied effect to segment 8: Duration=1.667s, FPS=30    
           INFO     Applied effect to segment 9: Duration=3.300s, FPS=30    
           INFO     Applied effect to segment 10: Duration=2.667s, FPS=30   
           INFO     Applied effect to segment 11: Duration=2.667s, FPS=30   
           INFO     Subtitles/Overlays included in filter_complex           
           INFO     FFmpeg command: ffmpeg -y -loop 1 -framerate 30 -t      
                    2.466666666666667 -i                                    
                    outputs/project_20260102_103253/images/hook_01.png -loop
                    1 -framerate 30 -t 2.8 -i                               
                    outputs/project_20260102_103253/images/build_01.png     
                    -loop 1 -framerate 30 -t 7.233333333333333 -i           
                    outputs/project_20260102_103253/images/build_02.png     
                    -loop 1 -framerate 30 -t 3.1333333333333333 -i          
                    outputs/project_20260102_103253/images/crisis_01.png    
                    -loop 1 -framerate 30 -t 3.7333333333333334 -i          
                    outputs/project_20260102_103253/images/crisis_02.png    
                    -loop 1 -framerate 30 -t 6.166666666666667 -i           
                    outputs/project_20260102_103253/images/crisis_03.png    
                    -loop 1 -framerate 30 -t 4.133333333333334 -i           
                    outputs/project_20260102_103253/images/climax_01.png    
                    -loop 1 -framerate 30 -t 2.433333333333333 -i           
                    outputs/project_20260102_103253/images/climax_02.png    
                    -loop 1 -framerate 30 -t 1.6666666666666667 -i          
                    outputs/project_20260102_103253/images/climax_03.png    
                    -loop 1 -framerate 30 -t 3.3 -i                         
                    outputs/project_20260102_103253/images/resolution_01.png
                    -loop 1 -framerate 30 -t 2.6666666666666665 -i          
                    outputs/project_20260102_103253/images/resolution_02.png
                    -loop 1 -framerate 30 -t 2.6666666666666665 -i          
                    outputs/project_20260102_103253/images/resolution_03.png
                    -i                                                      
                    outputs/project_20260102_103253/audio/script_20240724_14
                    3200_rand123_master_with_sfx.mp3 -filter_complex        
                    [0:v]zoompan=z='(1.0+(1.3-1.0)*(if(lt((on/74),0.5),4*(on
                    /74)*(on/74)*(on/74),1-pow(-2*(on/74)+2,3)/2)))':x='iw/2
                    -(iw/zoom/2)':y='ih/2-(ih/zoom/2)':d=1:s=1080x1920:fps=3
                    0[tmp_eff_0];[tmp_eff_0]trim=duration=2.466666666666667,
                    scale=1080:1920:force_original_aspect_ratio=decrease,pad
                    =1080:1920:-1:-1:color=black,setsar=1,format=yuv420p,fps
                    =30[v0];[1:v]copy[tmp_eff_1];[tmp_eff_1]trim=duration=2.
                    8,scale=1080:1920:force_original_aspect_ratio=decrease,p
                    ad=1080:1920:-1:-1:color=black,setsar=1,format=yuv420p,f
                    ps=30[v1];[2:v]copy[tmp_eff_2];[tmp_eff_2]trim=duration=
                    7.233333333333333,scale=1080:1920:force_original_aspect_
                    ratio=decrease,pad=1080:1920:-1:-1:color=black,setsar=1,
                    format=yuv420p,fps=30[v2];[3:v]crop=w=iw*0.9:h=ih*0.9:x=
                    '(iw-ow)/2+((random(1)-0.5)*15)':y='(ih-oh)/2+((random(1
                    )-0.5)*15)':exact=1,scale=1080:1920[tmp_eff_3];[tmp_eff_
                    3]trim=duration=3.1333333333333333,scale=1080:1920:force
                    _original_aspect_ratio=decrease,pad=1080:1920:-1:-1:colo
                    r=black,setsar=1,format=yuv420p,fps=30[v3];[4:v]zoompan=
                    z='(1.0+(1.3-1.0)*(if(lt((on/112),0.5),4*(on/112)*(on/11
                    2)*(on/112),1-pow(-2*(on/112)+2,3)/2)))':x='iw/2-(iw/zoo
                    m/2)':y='ih/2-(ih/zoom/2)':d=1:s=1080x1920:fps=30[tmp_ef
                    f_4];[tmp_eff_4]trim=duration=3.7333333333333334,scale=1
                    080:1920:force_original_aspect_ratio=decrease,pad=1080:1
                    920:-1:-1:color=black,setsar=1,format=yuv420p,fps=30[v4]
                    ;[5:v]crop=w=iw*0.9:h=ih*0.9:x='(iw-ow)/2+sin(t*2)*11':y
                    ='(ih-oh)/2+cos(t*2*0.8)*11':exact=1,scale=1080:1920[tmp
                    _eff_5];[tmp_eff_5]trim=duration=6.166666666666667,scale
                    =1080:1920:force_original_aspect_ratio=decrease,pad=1080
                    :1920:-1:-1:color=black,setsar=1,format=yuv420p,fps=30[v
                    5];[6:v]copy[tmp_eff_6];[tmp_eff_6]trim=duration=4.13333
                    3333333334,scale=1080:1920:force_original_aspect_ratio=d
                    ecrease,pad=1080:1920:-1:-1:color=black,setsar=1,format=
                    yuv420p,fps=30[v6];[7:v]crop=w=iw*0.9:h=ih*0.9:x='(iw-ow
                    )/2+((random(1)-0.5)*20)':y='(ih-oh)/2+((random(1)-0.5)*
                    20)':exact=1,scale=1080:1920[tmp_eff_7];[tmp_eff_7]trim=
                    duration=2.433333333333333,scale=1080:1920:force_origina
                    l_aspect_ratio=decrease,pad=1080:1920:-1:-1:color=black,
                    setsar=1,format=yuv420p,fps=30[v7];[8:v]zoompan=z='(1.3+
                    (1.0-1.3)*(if(lt((on/50),0.5),4*(on/50)*(on/50)*(on/50),
                    1-pow(-2*(on/50)+2,3)/2)))':x='iw/2-(iw/zoom/2)':y='ih/2
                    -(ih/zoom/2)':d=1:s=1080x1920:fps=30[tmp_eff_8];[tmp_eff
                    _8]trim=duration=1.6666666666666667,scale=1080:1920:forc
                    e_original_aspect_ratio=decrease,pad=1080:1920:-1:-1:col
                    or=black,setsar=1,format=yuv420p,fps=30[v8];[9:v]copy[tm
                    p_eff_9];[tmp_eff_9]trim=duration=3.3,scale=1080:1920:fo
                    rce_original_aspect_ratio=decrease,pad=1080:1920:-1:-1:c
                    olor=black,setsar=1,format=yuv420p,fps=30[v9];[10:v]copy
                    [tmp_eff_10];[tmp_eff_10]trim=duration=2.666666666666666
                    5,scale=1080:1920:force_original_aspect_ratio=decrease,p
                    ad=1080:1920:-1:-1:color=black,setsar=1,format=yuv420p,f
                    ps=30[v10];[11:v]copy[tmp_eff_11];[tmp_eff_11]trim=durat
                    ion=2.6666666666666665,scale=1080:1920:force_original_as
                    pect_ratio=decrease,pad=1080:1920:-1:-1:color=black,sets
                    ar=1,format=yuv420p,fps=30[v11];[v0][v1][v2][v3][v4][v5]
                    [v6][v7][v8][v9][v10][v11]concat=n=12:v=1:a=0[v_concat];
                    [v_concat]subtitles='outputs/project_20260102_103253/vid
                    eos/script_20240724_143200_rand123_captions.ass':fontsdi
                    r='/Users/changikchoi/Documents/Github/ssuljaengi/assets
                    /fonts'[outv] -map [outv] -map 12:a -c:v libx264 -preset
                    medium -crf 23 -pix_fmt yuv420p -c:a aac -b:a 192k -ar  
                    44100 -r 30 -shortest -fonts_dir                        
                    /Users/changikchoi/Documents/Github/ssuljaengi/assets/fo
                    nts                                                     
                    outputs/project_20260102_103253/videos/script_20240724_1
                    43200_rand123.mp4                                       
           INFO     Starting video render...                                
           INFO     Estimated render time: 148.4s                           
           INFO     Generating YouTube metadata for story:                  
                    story_20260102_163256_1q1gwzf                           
FFMPEG_ERROR_STDERR: ffmpeg version 7.1.1 Copyright (c) 2000-2025 the FFmpeg developers
  built with Apple clang version 16.0.0 (clang-1600.0.26.6)
  configuration: --prefix=/opt/homebrew/Cellar/ffmpeg/7.1.1_1 --enable-shared --enable-pthreads --enable-version3 --cc=clang --host-cflags= --host-ldflags='-Wl,-ld_classic' --enable-ffplay --enable-gnutls --enable-gpl --enable-libaom --enable-libaribb24 --enable-libbluray --enable-libdav1d --enable-libharfbuzz --enable-libjxl --enable-libmp3lame --enable-libopus --enable-librav1e --enable-librist --enable-librubberband --enable-libsnappy --enable-libsrt --enable-libssh --enable-libsvtav1 --enable-libtesseract --enable-libtheora --enable-libvidstab --enable-libvmaf --enable-libvorbis --enable-libvpx --enable-libwebp --enable-libx264 --enable-libx265 --enable-libxml2 --enable-libxvid --enable-lzma --enable-libfontconfig --enable-libfreetype --enable-frei0r --enable-libass --enable-libopencore-amrnb --enable-libopencore-amrwb --enable-libopenjpeg --enable-libspeex --enable-libsoxr --enable-libzmq --enable-libzimg --disable-libjack --disable-indev=jack --enable-videotoolbox --enable-audiotoolbox --enable-neon
  libavutil      59. 39.100 / 59. 39.100
  libavcodec     61. 19.101 / 61. 19.101
  libavformat    61.  7.100 / 61.  7.100
  libavdevice    61.  3.100 / 61.  3.100
  libavfilter    10.  4.100 / 10.  4.100
  libswscale      8.  3.100 /  8.  3.100
  libswresample   5.  3.100 /  5.  3.100
  libpostproc    58.  3.100 / 58.  3.100
Unrecognized option 'fonts_dir'.
Error splitting the argument list: Option not found

           ERROR    FFmpeg failed: ffmpeg version 7.1.1 Copyright (c)       
                    2000-2025 the FFmpeg developers                         
                      built with Apple clang version 16.0.0                 
                    (clang-1600.0.26.6)                                     
                      configuration:                                        
                    --prefix=/opt/homebrew/Cellar/ffmpeg/7.1.1_1            
                    --enable-shared --enable-pthreads --enable-version3     
                    --cc=clang --host-cflags=                               
                    --host-ldflags='-Wl,-ld_classic' --enable-ffplay        
                    --enable-gnutls --enable-gpl --enable-libaom            
                    --enable-libaribb24 --enable-libbluray --enable-libdav1d
                    --enable-libharfbuzz --enable-libjxl --enable-libmp3lame
                    --enable-libopus --enable-librav1e --enable-librist     
                    --enable-librubberband --enable-libsnappy               
                    --enable-libsrt --enable-libssh --enable-libsvtav1      
                    --enable-libtesseract --enable-libtheora                
                    --enable-libvidstab --enable-libvmaf --enable-libvorbis 
                    --enable-libvpx --enable-libwebp --enable-libx264       
                    --enable-libx265 --enable-libxml2 --enable-libxvid      
                    --enable-lzma --enable-libfontconfig                    
                    --enable-libfreetype --enable-frei0r --enable-libass    
                    --enable-libopencore-amrnb --enable-libopencore-amrwb   
                    --enable-libopenjpeg --enable-libspeex --enable-libsoxr 
                    --enable-libzmq --enable-libzimg --disable-libjack      
                    --disable-indev=jack --enable-videotoolbox              
                    --enable-audiotoolbox --enable-neon                     
                      libavutil      59. 39.100 / 59. 39.100                
                      libavcodec     61. 19.101 / 61. 19.101                
                      libavformat    61.  7.100 / 61.  7.100                
                      libavdevice    61.  3.100 / 61.  3.100                
                      libavfilter    10.  4.100 / 10.  4.100                
                      libswscale      8.  3.100 /  8.  3.100                
                      libswresample   5.  3.100 /  5.  3.100                
                      libpostproc    58.  3.100 / 58.  3.100                
                    Unrecognized option 'fonts_dir'.                        
                    Error splitting the argument list: Option not found     
                                                                            
           ERROR    FFmpeg execution failed: FFmpeg failed: ffmpeg version  
                    7.1.1 Copyright (c) 2000-2025 the FFmpeg developers     
                      built with Apple clang version 16.0.0                 
                    (clang-1600.0.26.6)                                     
                      configuration:                                        
                    --prefix=/opt/homebrew/Cellar/ffmpeg/7.1.1_1            
                    --enable-shared --enable-pthreads --enable-version3     
                    --cc=clang --host-cflags=                               
                    --host-ldflags='-Wl,-ld_classic' --enable-ffplay        
                    --enable-gnutls --enable-gpl --enable-libaom            
                    --enable-libaribb24 --enable-libbluray --enable-libdav1d
                    --enable-libharfbuzz --enable-libjxl --enable-libmp3lame
                    --enable-libopus --enable-librav1e --enable-librist     
                    --enable-librubberband --enable-libsnappy               
                    --enable-libsrt --enable-libssh --enable-libsvtav1      
                    --enable-libtesseract --enable-libtheora                
                    --enable-libvidstab --enable-libvmaf --enable-libvorbis 
                    --enable-libvpx --enable-libwebp --enable-libx264       
                    --enable-libx265 --enable-libxml2 --enable-libxvid      
                    --enable-lzma --enable-libfontconfig                    
                    --enable-libfreetype --enable-frei0r --enable-libass    
                    --enable-libopencore-amrnb --enable-libopencore-amrwb   
                    --enable-libopenjpeg --enable-libspeex --enable-libsoxr 
                    --enable-libzmq --enable-libzimg --disable-libjack      
                    --disable-indev=jack --enable-videotoolbox              
                    --enable-audiotoolbox --enable-neon                     
                      libavutil      59. 39.100 / 59. 39.100                
                      libavcodec     61. 19.101 / 61. 19.101                
                      libavformat    61.  7.100 / 61.  7.100                
                      libavdevice    61.  3.100 / 61.  3.100                
                      libavfilter    10.  4.100 / 10.  4.100                
                      libswscale      8.  3.100 /  8.  3.100                
                      libswresample   5.  3.100 /  5.  3.100                
                      libpostproc    58.  3.100 / 58.  3.100                
                    Unrecognized option 'fonts_dir'.                        
                    Error splitting the argument list: Option not found     
                                                                            
           WARNING  _execute_ffmpeg failed (attempt 1/2): FFmpeg execution  
                    failed: FFmpeg failed: ffmpeg version 7.1.1 Copyright   
                    (c) 2000-2025 the FFmpeg developers                     
                      built with Apple clang version 16.0.0                 
                    (clang-1600.0.26.6)                                     
                      configuration:                                        
                    --prefix=/opt/homebrew/Cellar/ffmpeg/7.1.1_1            
                    --enable-shared --enable-pthreads --enable-version3     
                    --cc=clang --host-cflags=                               
                    --host-ldflags='-Wl,-ld_classic' --enable-ffplay        
                    --enable-gnutls --enable-gpl --enable-libaom            
                    --enable-libaribb24 --enable-libbluray --enable-libdav1d
                    --enable-libharfbuzz --enable-libjxl --enable-libmp3lame
                    --enable-libopus --enable-librav1e --enable-librist     
                    --enable-librubberband --enable-libsnappy               
                    --enable-libsrt --enable-libssh --enable-libsvtav1      
                    --enable-libtesseract --enable-libtheora                
                    --enable-libvidstab --enable-libvmaf --enable-libvorbis 
                    --enable-libvpx --enable-libwebp --enable-libx264       
                    --enable-libx265 --enable-libxml2 --enable-libxvid      
                    --enable-lzma --enable-libfontconfig                    
                    --enable-libfreetype --enable-frei0r --enable-libass    
                    --enable-libopencore-amrnb --enable-libopencore-amrwb   
                    --enable-libopenjpeg --enable-libspeex --enable-libsoxr 
                    --enable-libzmq --enable-libzimg --disable-libjack      
                    --disable-indev=jack --enable-videotoolbox              
                    --enable-audiotoolbox --enable-neon                     
                      libavutil      59. 39.100 / 59. 39.100                
                      libavcodec     61. 19.101 / 61. 19.101                
                      libavformat    61.  7.100 / 61.  7.100                
                      libavdevice    61.  3.100 / 61.  3.100                
                      libavfilter    10.  4.100 / 10.  4.100                
                      libswscale      8.  3.100 /  8.  3.100                
                      libswresample   5.  3.100 /  5.  3.100                
                      libpostproc    58.  3.100 / 58.  3.100                
                    Unrecognized option 'fonts_dir'.                        
                    Error splitting the argument list: Option not found     
                    . Retrying in 1.0s...                                   
WARNING: All log messages before absl::InitializeLog() is called are written to STDERR
I0000 00:00:1767378298.652752 1083054 fork_posix.cc:71] Other threads are currently calling into gRPC, skipping fork() handlers
FFMPEG_ERROR_STDERR: ffmpeg version 7.1.1 Copyright (c) 2000-2025 the FFmpeg developers
  built with Apple clang version 16.0.0 (clang-1600.0.26.6)
  configuration: --prefix=/opt/homebrew/Cellar/ffmpeg/7.1.1_1 --enable-shared --enable-pthreads --enable-version3 --cc=clang --host-cflags= --host-ldflags='-Wl,-ld_classic' --enable-ffplay --enable-gnutls --enable-gpl --enable-libaom --enable-libaribb24 --enable-libbluray --enable-libdav1d --enable-libharfbuzz --enable-libjxl --enable-libmp3lame --enable-libopus --enable-librav1e --enable-librist --enable-librubberband --enable-libsnappy --enable-libsrt --enable-libssh --enable-libsvtav1 --enable-libtesseract --enable-libtheora --enable-libvidstab --enable-libvmaf --enable-libvorbis --enable-libvpx --enable-libwebp --enable-libx264 --enable-libx265 --enable-libxml2 --enable-libxvid --enable-lzma --enable-libfontconfig --enable-libfreetype --enable-frei0r --enable-libass --enable-libopencore-amrnb --enable-libopencore-amrwb --enable-libopenjpeg --enable-libspeex --enable-libsoxr --enable-libzmq --enable-libzimg --disable-libjack --disable-indev=jack --enable-videotoolbox --enable-audiotoolbox --enable-neon
  libavutil      59. 39.100 / 59. 39.100
  libavcodec     61. 19.101 / 61. 19.101
  libavformat    61.  7.100 / 61.  7.100
  libavdevice    61.  3.100 / 61.  3.100
  libavfilter    10.  4.100 / 10.  4.100
  libswscale      8.  3.100 /  8.  3.100
  libswresample   5.  3.100 /  5.  3.100
  libpostproc    58.  3.100 / 58.  3.100
Unrecognized option 'fonts_dir'.
Error splitting the argument list: Option not found

[12:24:58] ERROR    FFmpeg failed: ffmpeg version 7.1.1 Copyright (c)       
                    2000-2025 the FFmpeg developers                         
                      built with Apple clang version 16.0.0                 
                    (clang-1600.0.26.6)                                     
                      configuration:                                        
                    --prefix=/opt/homebrew/Cellar/ffmpeg/7.1.1_1            
                    --enable-shared --enable-pthreads --enable-version3     
                    --cc=clang --host-cflags=                               
                    --host-ldflags='-Wl,-ld_classic' --enable-ffplay        
                    --enable-gnutls --enable-gpl --enable-libaom            
                    --enable-libaribb24 --enable-libbluray --enable-libdav1d
                    --enable-libharfbuzz --enable-libjxl --enable-libmp3lame
                    --enable-libopus --enable-librav1e --enable-librist     
                    --enable-librubberband --enable-libsnappy               
                    --enable-libsrt --enable-libssh --enable-libsvtav1      
                    --enable-libtesseract --enable-libtheora                
                    --enable-libvidstab --enable-libvmaf --enable-libvorbis 
                    --enable-libvpx --enable-libwebp --enable-libx264       
                    --enable-libx265 --enable-libxml2 --enable-libxvid      
                    --enable-lzma --enable-libfontconfig                    
                    --enable-libfreetype --enable-frei0r --enable-libass    
                    --enable-libopencore-amrnb --enable-libopencore-amrwb   
                    --enable-libopenjpeg --enable-libspeex --enable-libsoxr 
                    --enable-libzmq --enable-libzimg --disable-libjack      
                    --disable-indev=jack --enable-videotoolbox              
                    --enable-audiotoolbox --enable-neon                     
                      libavutil      59. 39.100 / 59. 39.100                
                      libavcodec     61. 19.101 / 61. 19.101                
                      libavformat    61.  7.100 / 61.  7.100                
                      libavdevice    61.  3.100 / 61.  3.100                
                      libavfilter    10.  4.100 / 10.  4.100                
                      libswscale      8.  3.100 /  8.  3.100                
                      libswresample   5.  3.100 /  5.  3.100                
                      libpostproc    58.  3.100 / 58.  3.100                
                    Unrecognized option 'fonts_dir'.                        
                    Error splitting the argument list: Option not found     
                                                                            
           ERROR    FFmpeg execution failed: FFmpeg failed: ffmpeg version  
                    7.1.1 Copyright (c) 2000-2025 the FFmpeg developers     
                      built with Apple clang version 16.0.0                 
                    (clang-1600.0.26.6)                                     
                      configuration:                                        
                    --prefix=/opt/homebrew/Cellar/ffmpeg/7.1.1_1            
                    --enable-shared --enable-pthreads --enable-version3     
                    --cc=clang --host-cflags=                               
                    --host-ldflags='-Wl,-ld_classic' --enable-ffplay        
                    --enable-gnutls --enable-gpl --enable-libaom            
                    --enable-libaribb24 --enable-libbluray --enable-libdav1d
                    --enable-libharfbuzz --enable-libjxl --enable-libmp3lame
                    --enable-libopus --enable-librav1e --enable-librist     
                    --enable-librubberband --enable-libsnappy               
                    --enable-libsrt --enable-libssh --enable-libsvtav1      
                    --enable-libtesseract --enable-libtheora                
                    --enable-libvidstab --enable-libvmaf --enable-libvorbis 
                    --enable-libvpx --enable-libwebp --enable-libx264       
                    --enable-libx265 --enable-libxml2 --enable-libxvid      
                    --enable-lzma --enable-libfontconfig                    
                    --enable-libfreetype --enable-frei0r --enable-libass    
                    --enable-libopencore-amrnb --enable-libopencore-amrwb   
                    --enable-libopenjpeg --enable-libspeex --enable-libsoxr 
                    --enable-libzmq --enable-libzimg --disable-libjack      
                    --disable-indev=jack --enable-videotoolbox              
                    --enable-audiotoolbox --enable-neon                     
                      libavutil      59. 39.100 / 59. 39.100                
                      libavcodec     61. 19.101 / 61. 19.101                
                      libavformat    61.  7.100 / 61.  7.100                
                      libavdevice    61.  3.100 / 61.  3.100                
                      libavfilter    10.  4.100 / 10.  4.100                
                      libswscale      8.  3.100 /  8.  3.100                
                      libswresample   5.  3.100 /  5.  3.100                
                      libpostproc    58.  3.100 / 58.  3.100                
                    Unrecognized option 'fonts_dir'.                        
                    Error splitting the argument list: Option not found     
                                                                            
           ERROR    _execute_ffmpeg failed after 2 attempts: FFmpeg         
                    execution failed: FFmpeg failed: ffmpeg version 7.1.1   
                    Copyright (c) 2000-2025 the FFmpeg developers           
                      built with Apple clang version 16.0.0                 
                    (clang-1600.0.26.6)                                     
                      configuration:                                        
                    --prefix=/opt/homebrew/Cellar/ffmpeg/7.1.1_1            
                    --enable-shared --enable-pthreads --enable-version3     
                    --cc=clang --host-cflags=                               
                    --host-ldflags='-Wl,-ld_classic' --enable-ffplay        
                    --enable-gnutls --enable-gpl --enable-libaom            
                    --enable-libaribb24 --enable-libbluray --enable-libdav1d
                    --enable-libharfbuzz --enable-libjxl --enable-libmp3lame
                    --enable-libopus --enable-librav1e --enable-librist     
                    --enable-librubberband --enable-libsnappy               
                    --enable-libsrt --enable-libssh --enable-libsvtav1      
                    --enable-libtesseract --enable-libtheora                
                    --enable-libvidstab --enable-libvmaf --enable-libvorbis 
                    --enable-libvpx --enable-libwebp --enable-libx264       
                    --enable-libx265 --enable-libxml2 --enable-libxvid      
                    --enable-lzma --enable-libfontconfig                    
                    --enable-libfreetype --enable-frei0r --enable-libass    
                    --enable-libopencore-amrnb --enable-libopencore-amrwb   
                    --enable-libopenjpeg --enable-libspeex --enable-libsoxr 
                    --enable-libzmq --enable-libzimg --disable-libjack      
                    --disable-indev=jack --enable-videotoolbox              
                    --enable-audiotoolbox --enable-neon                     
                      libavutil      59. 39.100 / 59. 39.100                
                      libavcodec     61. 19.101 / 61. 19.101                
                      libavformat    61.  7.100 / 61.  7.100                
                      libavdevice    61.  3.100 / 61.  3.100                
                      libavfilter    10.  4.100 / 10.  4.100                
                      libswscale      8.  3.100 /  8.  3.100                
                      libswresample   5.  3.100 /  5.  3.100                
                      libpostproc    58.  3.100 / 58.  3.100                
                    Unrecognized option 'fonts_dir'.                        
                    Error splitting the argument list: Option not found     
                                                                            
[12:25:01] INFO     Metadata generation complete                            
           ERROR    Metadata generation error: 'ConfigManager' object has no
                    attribute 'job_id'                                      
           ERROR    Pipeline failed: _execute_ffmpeg failed after 2 attempts
                    ╭───────── Traceback (most recent call last) ──────────╮
                    │ /Users/changikchoi/Documents/Github/ssuljaengi/src/g │
                    │ ossiptoon/video/assembler.py:461 in _execute_ffmpeg  │
                    │                                                      │
                    │   458 │   │   │   │   error_msg = stderr.decode() if │
                    │   459 │   │   │   │   print(f"FFMPEG_ERROR_STDERR: { │
                    │   460 │   │   │   │   logger.error(f"FFmpeg failed:  │
                    │ ❱ 461 │   │   │   │   raise VideoAssemblyError(f"FFm │
                    │   462 │   │   │                                      │
                    │   463 │   │   │   logger.info("FFmpeg completed succ │
                    │   464                                                │
                    ╰──────────────────────────────────────────────────────╯
                    VideoAssemblyError: FFmpeg failed: ffmpeg version 7.1.1 
                    Copyright (c) 2000-2025 the FFmpeg developers           
                      built with Apple clang version 16.0.0                 
                    (clang-1600.0.26.6)                                     
                      configuration:                                        
                    --prefix=/opt/homebrew/Cellar/ffmpeg/7.1.1_1            
                    --enable-shared --enable-pthreads --enable-version3     
                    --cc=clang --host-cflags=                               
                    --host-ldflags='-Wl,-ld_classic' --enable-ffplay        
                    --enable-gnutls --enable-gpl --enable-libaom            
                    --enable-libaribb24 --enable-libbluray --enable-libdav1d
                    --enable-libharfbuzz --enable-libjxl --enable-libmp3lame
                    --enable-libopus --enable-librav1e --enable-librist     
                    --enable-librubberband --enable-libsnappy               
                    --enable-libsrt --enable-libssh --enable-libsvtav1      
                    --enable-libtesseract --enable-libtheora                
                    --enable-libvidstab --enable-libvmaf --enable-libvorbis 
                    --enable-libvpx --enable-libwebp --enable-libx264       
                    --enable-libx265 --enable-libxml2 --enable-libxvid      
                    --enable-lzma --enable-libfontconfig                    
                    --enable-libfreetype --enable-frei0r --enable-libass    
                    --enable-libopencore-amrnb --enable-libopencore-amrwb   
                    --enable-libopenjpeg --enable-libspeex --enable-libsoxr 
                    --enable-libzmq --enable-libzimg --disable-libjack      
                    --disable-indev=jack --enable-videotoolbox              
                    --enable-audiotoolbox --enable-neon                     
                      libavutil      59. 39.100 / 59. 39.100                
                      libavcodec     61. 19.101 / 61. 19.101                
                      libavformat    61.  7.100 / 61.  7.100                
                      libavdevice    61.  3.100 / 61.  3.100                
                      libavfilter    10.  4.100 / 10.  4.100                
                      libswscale      8.  3.100 /  8.  3.100                
                      libswresample   5.  3.100 /  5.  3.100                
                      libpostproc    58.  3.100 / 58.  3.100                
                    Unrecognized option 'fonts_dir'.                        
                    Error splitting the argument list: Option not found     
                                                                            
                                                                            
                    The above exception was the direct cause of the         
                    following exception:                                    
                                                                            
                    ╭───────── Traceback (most recent call last) ──────────╮
                    │ /Users/changikchoi/Documents/Github/ssuljaengi/src/g │
                    │ ossiptoon/utils/retry.py:57 in async_wrapper         │
                    │                                                      │
                    │    54 │   │   │                                      │
                    │    55 │   │   │   for attempt in range(max_retries): │
                    │    56 │   │   │   │   try:                           │
                    │ ❱  57 │   │   │   │   │   return await func(*args, * │
                    │    58 │   │   │   │   except exceptions as e:        │
                    │    59 │   │   │   │   │   last_exception = e         │
                    │    60 │   │   │   │   │   if attempt < max_retries - │
                    │                                                      │
                    │ /Users/changikchoi/Documents/Github/ssuljaengi/src/g │
                    │ ossiptoon/video/assembler.py:467 in _execute_ffmpeg  │
                    │                                                      │
                    │   464 │   │                                          │
                    │   465 │   │   except Exception as e:                 │
                    │   466 │   │   │   logger.error(f"FFmpeg execution fa │
                    │ ❱ 467 │   │   │   raise VideoAssemblyError(f"FFmpeg  │
                    │   468 │                                              │
                    │   469 │   def validate_ffmpeg_installation(self) ->  │
                    │   470 │   │   """Validate FFmpeg is installed and ac │
                    ╰──────────────────────────────────────────────────────╯
                    VideoAssemblyError: FFmpeg execution failed: FFmpeg     
                    failed: ffmpeg version 7.1.1 Copyright (c) 2000-2025 the
                    FFmpeg developers                                       
                      built with Apple clang version 16.0.0                 
                    (clang-1600.0.26.6)                                     
                      configuration:                                        
                    --prefix=/opt/homebrew/Cellar/ffmpeg/7.1.1_1            
                    --enable-shared --enable-pthreads --enable-version3     
                    --cc=clang --host-cflags=                               
                    --host-ldflags='-Wl,-ld_classic' --enable-ffplay        
                    --enable-gnutls --enable-gpl --enable-libaom            
                    --enable-libaribb24 --enable-libbluray --enable-libdav1d
                    --enable-libharfbuzz --enable-libjxl --enable-libmp3lame
                    --enable-libopus --enable-librav1e --enable-librist     
                    --enable-librubberband --enable-libsnappy               
                    --enable-libsrt --enable-libssh --enable-libsvtav1      
                    --enable-libtesseract --enable-libtheora                
                    --enable-libvidstab --enable-libvmaf --enable-libvorbis 
                    --enable-libvpx --enable-libwebp --enable-libx264       
                    --enable-libx265 --enable-libxml2 --enable-libxvid      
                    --enable-lzma --enable-libfontconfig                    
                    --enable-libfreetype --enable-frei0r --enable-libass    
                    --enable-libopencore-amrnb --enable-libopencore-amrwb   
                    --enable-libopenjpeg --enable-libspeex --enable-libsoxr 
                    --enable-libzmq --enable-libzimg --disable-libjack      
                    --disable-indev=jack --enable-videotoolbox              
                    --enable-audiotoolbox --enable-neon                     
                      libavutil      59. 39.100 / 59. 39.100                
                      libavcodec     61. 19.101 / 61. 19.101                
                      libavformat    61.  7.100 / 61.  7.100                
                      libavdevice    61.  3.100 / 61.  3.100                
                      libavfilter    10.  4.100 / 10.  4.100                
                      libswscale      8.  3.100 /  8.  3.100                
                      libswresample   5.  3.100 /  5.  3.100                
                      libpostproc    58.  3.100 / 58.  3.100                
                    Unrecognized option 'fonts_dir'.                        
                    Error splitting the argument list: Option not found     
                                                                            
                                                                            
                    The above exception was the direct cause of the         
                    following exception:                                    
                                                                            
                    ╭───────── Traceback (most recent call last) ──────────╮
                    │ /Users/changikchoi/Documents/Github/ssuljaengi/src/g │
                    │ ossiptoon/pipeline/orchestrator.py:280 in run        │
                    │                                                      │
                    │   277 │   │   │   │                                  │
                    │   278 │   │   │   │   # Check for video failure      │
                    │   279 │   │   │   │   if isinstance(video_project, E │
                    │ ❱ 280 │   │   │   │   │   raise video_project        │
                    │   281 │   │   │   │                                  │
                    │   282 │   │   │   │   # Log metadata status          │
                    │   283 │   │   │   │   if isinstance(metadata, Except │
                    │                                                      │
                    │ /Users/changikchoi/Documents/Github/ssuljaengi/src/g │
                    │ ossiptoon/pipeline/orchestrator.py:589 in            │
                    │ _run_video_assembler                                 │
                    │                                                      │
                    │   586 │   │   Returns:                               │
                    │   587 │   │   │   VideoProject object                │
                    │   588 │   │   """                                    │
                    │ ❱ 589 │   │   video_project = await self.video_assem │
                    │   590 │   │   │   visual_project,                    │
                    │   591 │   │   │   audio_project,                     │
                    │   592 │   │   │   script,                            │
                    │                                                      │
                    │ /Users/changikchoi/Documents/Github/ssuljaengi/src/g │
                    │ ossiptoon/video/assembler.py:124 in assemble_video   │
                    │                                                      │
                    │   121 │   │   estimated_time = self.ffmpeg_builder.e │
                    │   122 │   │   logger.info(f"Estimated render time: { │
                    │   123 │   │                                          │
                    │ ❱ 124 │   │   await self._execute_ffmpeg(command.to_ │
                    │   125 │   │                                          │
                    │   126 │   │   # Build timeline segments              │
                    │   127 │   │   timeline = self._build_timeline(visual │
                    │                                                      │
                    │ /Users/changikchoi/Documents/Github/ssuljaengi/src/g │
                    │ ossiptoon/utils/retry.py:72 in async_wrapper         │
                    │                                                      │
                    │    69 │   │   │   │   │   │   │   f"{func.__name__}  │
                    │    70 │   │   │   │   │   │   )                      │
                    │    71 │   │   │                                      │
                    │ ❱  72 │   │   │   raise RetryExhaustedError(func.__n │
                    │    73 │   │                                          │
                    │    74 │   │   @functools.wraps(func)                 │
                    │    75 │   │   def sync_wrapper(*args: Any, **kwargs: │
                    ╰──────────────────────────────────────────────────────╯
                    RetryExhaustedError: _execute_ffmpeg failed after 2     
                    attempts                                                
           INFO     Checkpoint loaded: project_20260102_103253 at stage     
                    visuals_generated                                       
⠇ Pipeline complete!


╭──────────────────────────────────────────────────────────╮
│ ✗ Pipeline failed                                        │
│                                                          │
│ Project ID: project_20260102_103253                      │
│ Error: _execute_ffmpeg failed after 2 attempts           │
│ Completed stages: 0                                      │
│                                                          │
│ Use 'gossiptoon resume project_20260102_103253' to retry │
╰──────────────────────────────────────────────────────────╯


